[    0.000000] Initializing cgroup subsys cpuset
[    0.000000] Initializing cgroup subsys cpu
[    0.000000] Initializing cgroup subsys cpuacct
[    0.000000] Linux version 4.4.0-210-generic (buildd@lgw01-amd64-009) (gcc version 5.4.0 20160609 (Ubuntu 5.4.0-6ubuntu1~16.04.12) ) #242-Ubuntu SMP Fri Apr 16 09:57:56 UTC 2021 (Ubuntu 4.4.0-210.242-generic 4.4.262)
[    0.000000] Command line: BOOT_IMAGE=/boot/vmlinuz-4.4.0-210-generic root=LABEL=cloudimg-rootfs ro console=tty1 console=ttyS0
[    0.000000] KERNEL supported cpus:
[    0.000000]   Intel GenuineIntel
[    0.000000]   AMD AuthenticAMD
[    0.000000]   Centaur CentaurHauls
[    0.000000] x86/fpu: xstate_offset[2]:  576, xstate_sizes[2]:  256
[    0.000000] x86/fpu: Supporting XSAVE feature 0x01: 'x87 floating point registers'
[    0.000000] x86/fpu: Supporting XSAVE feature 0x02: 'SSE registers'
[    0.000000] x86/fpu: Supporting XSAVE feature 0x04: 'AVX registers'
[    0.000000] x86/fpu: Enabled xstate features 0x7, context size is 832 bytes, using 'standard' format.
[    0.000000] e820: BIOS-provided physical RAM map:
[    0.000000] BIOS-e820: [mem 0x0000000000000000-0x000000000009fbff] usable
[    0.000000] BIOS-e820: [mem 0x000000000009fc00-0x000000000009ffff] reserved
[    0.000000] BIOS-e820: [mem 0x00000000000f0000-0x00000000000fffff] reserved
[    0.000000] BIOS-e820: [mem 0x0000000000100000-0x000000003ffeffff] usable
[    0.000000] BIOS-e820: [mem 0x000000003fff0000-0x000000003fffffff] ACPI data
[    0.000000] BIOS-e820: [mem 0x00000000fec00000-0x00000000fec00fff] reserved
[    0.000000] BIOS-e820: [mem 0x00000000fee00000-0x00000000fee00fff] reserved
[    0.000000] BIOS-e820: [mem 0x00000000fffc0000-0x00000000ffffffff] reserved
[    0.000000] NX (Execute Disable) protection: active
[    0.000000] SMBIOS 2.5 present.
[    0.000000] Hypervisor detected: KVM
[    0.000000] Kernel/User page tables isolation: disabled
[    0.000000] e820: last_pfn = 0x3fff0 max_arch_pfn = 0x400000000
[    0.000000] MTRR: Disabled
[    0.000000] x86/PAT: MTRRs disabled, skipping PAT initialization too.
[    0.000000] CPU MTRRs all blank - virtualized system.
[    0.000000] x86/PAT: Configuration [0-7]: WB  WT  UC- UC  WB  WT  UC- UC  
[    0.000000] found SMP MP-table at [mem 0x0009fff0-0x0009ffff] mapped at [ffff88000009fff0]
[    0.000000] Scanning 1 areas for low memory corruption
[    0.000000] RAMDISK: [mem 0x362dc000-0x37165fff]
[    0.000000] ACPI: Early table checksum verification disabled
[    0.000000] ACPI: RSDP 0x00000000000E0000 000024 (v02 VBOX  )
[    0.000000] ACPI: XSDT 0x000000003FFF0030 00003C (v01 VBOX   VBOXXSDT 00000001 ASL  00000061)
[    0.000000] ACPI: FACP 0x000000003FFF00F0 0000F4 (v04 VBOX   VBOXFACP 00000001 ASL  00000061)
[    0.000000] ACPI: DSDT 0x000000003FFF0610 002353 (v02 VBOX   VBOXBIOS 00000002 INTL 20100528)
[    0.000000] ACPI: FACS 0x000000003FFF0200 000040
[    0.000000] ACPI: FACS 0x000000003FFF0200 000040
[    0.000000] ACPI: APIC 0x000000003FFF0240 00005C (v02 VBOX   VBOXAPIC 00000001 ASL  00000061)
[    0.000000] ACPI: SSDT 0x000000003FFF02A0 00036C (v01 VBOX   VBOXCPUT 00000002 INTL 20100528)
[    0.000000] No NUMA configuration found
[    0.000000] Faking a node at [mem 0x0000000000000000-0x000000003ffeffff]
[    0.000000] NODE_DATA(0) allocated [mem 0x3ffeb000-0x3ffeffff]
[    0.000000] kvm-clock: Using msrs 4b564d01 and 4b564d00
[    0.000000] kvm-clock: cpu 0, msr 0:3ffe3001, primary cpu clock
[    0.000000] kvm-clock: using sched offset of 3099543242 cycles
[    0.000000] clocksource: kvm-clock: mask: 0xffffffffffffffff max_cycles: 0x1cd42e4dffb, max_idle_ns: 881590591483 ns
[    0.000000] Zone ranges:
[    0.000000]   DMA      [mem 0x0000000000001000-0x0000000000ffffff]
[    0.000000]   DMA32    [mem 0x0000000001000000-0x000000003ffeffff]
[    0.000000]   Normal   empty
[    0.000000]   Device   empty
[    0.000000] Movable zone start for each node
[    0.000000] Early memory node ranges
[    0.000000]   node   0: [mem 0x0000000000001000-0x000000000009efff]
[    0.000000]   node   0: [mem 0x0000000000100000-0x000000003ffeffff]
[    0.000000] Initmem setup node 0 [mem 0x0000000000001000-0x000000003ffeffff]
[    0.000000] ACPI: PM-Timer IO Port: 0x4008
[    0.000000] IOAPIC[0]: apic_id 2, version 32, address 0xfec00000, GSI 0-23
[    0.000000] ACPI: INT_SRC_OVR (bus 0 bus_irq 0 global_irq 2 dfl dfl)
[    0.000000] ACPI: INT_SRC_OVR (bus 0 bus_irq 9 global_irq 9 low level)
[    0.000000] Using ACPI (MADT) for SMP configuration information
[    0.000000] smpboot: Allowing 2 CPUs, 0 hotplug CPUs
[    0.000000] PM: Registered nosave memory: [mem 0x00000000-0x00000fff]
[    0.000000] PM: Registered nosave memory: [mem 0x0009f000-0x0009ffff]
[    0.000000] PM: Registered nosave memory: [mem 0x000a0000-0x000effff]
[    0.000000] PM: Registered nosave memory: [mem 0x000f0000-0x000fffff]
[    0.000000] e820: [mem 0x40000000-0xfebfffff] available for PCI devices
[    0.000000] Booting paravirtualized kernel on KVM
[    0.000000] clocksource: refined-jiffies: mask: 0xffffffff max_cycles: 0xffffffff, max_idle_ns: 7645519600211568 ns
[    0.000000] setup_percpu: NR_CPUS:512 nr_cpumask_bits:512 nr_cpu_ids:2 nr_node_ids:1
[    0.000000] PERCPU: Embedded 33 pages/cpu @ffff88003fc00000 s95192 r8192 d31784 u1048576
[    0.000000] Built 1 zonelists in Node order, mobility grouping on.  Total pages: 257912
[    0.000000] Policy zone: DMA32
[    0.000000] Kernel command line: BOOT_IMAGE=/boot/vmlinuz-4.4.0-210-generic root=LABEL=cloudimg-rootfs ro console=tty1 console=ttyS0
[    0.000000] PID hash table entries: 4096 (order: 3, 32768 bytes)
[    0.000000] Memory: 997792K/1048120K available (8644K kernel code, 1332K rwdata, 4044K rodata, 1492K init, 1164K bss, 50328K reserved, 0K cma-reserved)
[    0.000000] SLUB: HWalign=64, Order=0-3, MinObjects=0, CPUs=2, Nodes=1
[    0.000000] Hierarchical RCU implementation.
[    0.000000] 	Build-time adjustment of leaf fanout to 64.
[    0.000000] 	RCU restricting CPUs from NR_CPUS=512 to nr_cpu_ids=2.
[    0.000000] RCU: Adjusting geometry for rcu_fanout_leaf=64, nr_cpu_ids=2
[    0.000000] NR_IRQS:33024 nr_irqs:440 16
[    0.000000] Console: colour VGA+ 80x25
[    0.000000] console [tty1] enabled
[    0.000000] console [ttyS0] enabled
[    0.000000] tsc: Detected 2419.200 MHz processor
[    0.138465] Calibrating delay loop (skipped) preset value.. 4838.40 BogoMIPS (lpj=9676800)
[    0.139759] pid_max: default: 32768 minimum: 301
[    0.140468] ACPI: Core revision 20150930
[    0.141883] ACPI: 2 ACPI AML tables successfully acquired and loaded
[    0.142940] Security Framework initialized
[    0.143573] Yama: becoming mindful.
[    0.144169] AppArmor: AppArmor initialized
[    0.144897] Dentry cache hash table entries: 131072 (order: 8, 1048576 bytes)
[    0.145967] Inode-cache hash table entries: 65536 (order: 7, 524288 bytes)
[    0.149987] Mount-cache hash table entries: 2048 (order: 2, 16384 bytes)
[    0.151239] Mountpoint-cache hash table entries: 2048 (order: 2, 16384 bytes)
[    0.152257] Initializing cgroup subsys io
[    0.152908] Initializing cgroup subsys memory
[    0.153557] Initializing cgroup subsys devices
[    0.154273] Initializing cgroup subsys freezer
[    0.155153] Initializing cgroup subsys net_cls
[    0.155848] Initializing cgroup subsys perf_event
[    0.156578] Initializing cgroup subsys net_prio
[    0.157275] Initializing cgroup subsys hugetlb
[    0.158221] Initializing cgroup subsys pids
[    0.163368] mce: CPU supports 0 MCE banks
[    0.164010] Last level iTLB entries: 4KB 0, 2MB 0, 4MB 0
[    0.164798] Last level dTLB entries: 4KB 0, 2MB 0, 4MB 0, 1GB 0
[    0.165645] Spectre V1 : Mitigation: usercopy/swapgs barriers and __user pointer sanitization
[    0.167260] Spectre V2 : Mitigation: Full generic retpoline
[    0.168040] Spectre V2 : Spectre v2 / SpectreRSB mitigation: Filling RSB on context switch
[    0.169292] Speculative Store Bypass: Vulnerable
[    0.172193] Freeing SMP alternatives memory: 36K
[    0.177977] ftrace: allocating 32380 entries in 127 pages
[    0.255185] smpboot: APIC(0) Converting physical 0 to logical package 0
[    0.256371] smpboot: Max logical packages: 1
[    0.257409] x2apic enabled
[    0.258317] Switched APIC routing to physical x2apic.
[    0.260000] ..TIMER: vector=0x30 apic1=0 pin1=2 apic2=-1 pin2=-1
[    0.369137] smpboot: CPU0: 11th Gen Intel(R) Core(TM) i5-1135G7 @ 2.40GHz (family: 0x6, model: 0x8c, stepping: 0x1)
[    0.371820] Performance Events: unsupported p6 CPU model 140 no PMU driver, software events only.
[    0.381978] KVM setup paravirtual spinlock
[    0.383455] x86: Booting SMP configuration:
[    0.384226] .... node  #0, CPUs:      #1
[    0.385191] kvm-clock: cpu 1, msr 0:3ffe3041, secondary cpu clock
[    0.390684] mce: CPU supports 0 MCE banks
[    0.393327] x86: Booted up 1 node, 2 CPUs
[    0.394181] smpboot: Total of 2 processors activated (9676.80 BogoMIPS)
[    0.395406] devtmpfs: initialized
[    0.397000] evm: security.selinux
[    0.397741] evm: security.SMACK64
[    0.398379] evm: security.SMACK64EXEC
[    0.399057] evm: security.SMACK64TRANSMUTE
[    0.399737] evm: security.SMACK64MMAP
[    0.400470] evm: security.ima
[    0.401088] evm: security.capability
[    0.401997] clocksource: jiffies: mask: 0xffffffff max_cycles: 0xffffffff, max_idle_ns: 7645041785100000 ns
[    0.403468] futex hash table entries: 512 (order: 3, 32768 bytes)
[    0.404595] pinctrl core: initialized pinctrl subsystem
[    0.405687] RTC time: 10:27:17, date: 05/22/24
[    0.409473] NET: Registered protocol family 16
[    0.422017] cpuidle: using governor ladder
[    0.435272] cpuidle: using governor menu
[    0.436435] PCCT header not found.
[    0.437606] ACPI: bus type PCI registered
[    0.438806] acpiphp: ACPI Hot Plug PCI Controller Driver version: 0.5
[    0.440784] PCI: Using configuration type 1 for base access
[    0.454922] ACPI: Added _OSI(Module Device)
[    0.457280] ACPI: Added _OSI(Processor Device)
[    0.459101] ACPI: Added _OSI(3.0 _SCP Extensions)
[    0.460776] ACPI: Added _OSI(Processor Aggregator Device)
[    0.464579] ACPI: Executed 1 blocks of module-level executable AML code
[    0.471213] ACPI: Interpreter enabled
[    0.472537] ACPI: (supports S0 S5)
[    0.473831] ACPI: Using IOAPIC for interrupt routing
[    0.476000] PCI: Using host bridge windows from ACPI; if necessary, use "pci=nocrs" and report a bug
[    0.485797] ACPI: PCI Root Bridge [PCI0] (domain 0000 [bus 00-ff])
[    0.487678] acpi PNP0A03:00: _OSC: OS supports [ASPM ClockPM Segments MSI]
[    0.490884] acpi PNP0A03:00: _OSC: not requesting OS control; OS requires [ExtendedConfig ASPM ClockPM MSI]
[    0.493276] acpi PNP0A03:00: fail to add MMCONFIG information, can't access extended PCI configuration space under this bridge.
[    0.495903] PCI host bridge to bus 0000:00
[    0.496969] pci_bus 0000:00: root bus resource [io  0x0000-0x0cf7 window]
[    0.498517] pci_bus 0000:00: root bus resource [io  0x0d00-0xffff window]
[    0.499818] pci_bus 0000:00: root bus resource [mem 0x000a0000-0x000bffff window]
[    0.501462] pci_bus 0000:00: root bus resource [mem 0x40000000-0xfdffffff window]
[    0.503079] pci_bus 0000:00: root bus resource [bus 00-ff]
[    0.505722] pci 0000:00:01.1: legacy IDE quirk: reg 0x10: [io  0x01f0-0x01f7]
[    0.506787] pci 0000:00:01.1: legacy IDE quirk: reg 0x14: [io  0x03f6]
[    0.507784] pci 0000:00:01.1: legacy IDE quirk: reg 0x18: [io  0x0170-0x0177]
[    0.508892] pci 0000:00:01.1: legacy IDE quirk: reg 0x1c: [io  0x0376]
[    0.517984] pci 0000:00:07.0: quirk: [io  0x4000-0x403f] claimed by PIIX4 ACPI
[    0.527317] pci 0000:00:07.0: quirk: [io  0x4100-0x410f] claimed by PIIX4 SMB
[    0.534900] ACPI: PCI Interrupt Link [LNKA] (IRQs 5 9 10 *11)
[    0.537347] ACPI: PCI Interrupt Link [LNKB] (IRQs 5 9 *10 11)
[    0.539534] ACPI: PCI Interrupt Link [LNKC] (IRQs 5 *9 10 11)
[    0.541785] ACPI: PCI Interrupt Link [LNKD] (IRQs 5 9 10 *11)
[    0.544004] ACPI: Enabled 2 GPEs in block 00 to 07
[    0.545688] vgaarb: setting as boot device: PCI:0000:00:02.0
[    0.546541] vgaarb: device added: PCI:0000:00:02.0,decodes=io+mem,owns=io+mem,locks=none
[    0.547795] vgaarb: loaded
[    0.548319] vgaarb: bridge control possible 0000:00:02.0
[    0.549300] SCSI subsystem initialized
[    0.550047] ACPI: bus type USB registered
[    0.550723] usbcore: registered new interface driver usbfs
[    0.551639] usbcore: registered new interface driver hub
[    0.552558] usbcore: registered new device driver usb
[    0.554263] PCI: Using ACPI for IRQ routing
[    0.555906] NetLabel: Initializing
[    0.556980] NetLabel:  domain hash size = 128
[    0.558287] NetLabel:  protocols = UNLABELED CIPSOv4
[    0.559772] NetLabel:  unlabeled traffic allowed by default
[    0.561478] amd_nb: Cannot enumerate AMD northbridges
[    0.562975] clocksource: Switched to clocksource kvm-clock
[    0.580680] AppArmor: AppArmor Filesystem Enabled
[    0.581675] pnp: PnP ACPI init
[    0.583160] pnp: PnP ACPI: found 3 devices
[    0.592392] clocksource: acpi_pm: mask: 0xffffff max_cycles: 0xffffff, max_idle_ns: 2085701024 ns
[    0.595455] NET: Registered protocol family 2
[    0.597338] TCP established hash table entries: 8192 (order: 4, 65536 bytes)
[    0.599494] TCP bind hash table entries: 8192 (order: 5, 131072 bytes)
[    0.601492] TCP: Hash tables configured (established 8192 bind 8192)
[    0.603388] UDP hash table entries: 512 (order: 2, 16384 bytes)
[    0.605198] UDP-Lite hash table entries: 512 (order: 2, 16384 bytes)
[    0.607087] NET: Registered protocol family 1
[    0.608517] pci 0000:00:00.0: Limiting direct PCI/PCI transfers
[    0.610101] pci 0000:00:01.0: Activating ISA DMA hang workarounds
[    0.618014] Unpacking initramfs...
[    0.887444] Freeing initrd memory: 14888K
[    0.888445] clocksource: tsc: mask: 0xffffffffffffffff max_cycles: 0x22df1149949, max_idle_ns: 440795312789 ns
[    0.890116] platform rtc_cmos: registered platform RTC device (no PNP device found)
[    0.891516] Scanning for low memory corruption every 60 seconds
[    0.892739] audit: initializing netlink subsys (disabled)
[    0.893535] audit: type=2000 audit(1716373642.408:1): initialized
[    0.894764] Initialise system trusted keyring
[    0.895647] HugeTLB registered 2 MB page size, pre-allocated 0 pages
[    0.897563] zbud: loaded
[    0.898432] VFS: Disk quotas dquot_6.6.0
[    0.899150] VFS: Dquot-cache hash table entries: 512 (order 0, 4096 bytes)
[    0.900281] squashfs: version 4.0 (2009/01/31) Phillip Lougher
[    0.904387] fuse init (API version 7.23)
[    0.905130] Key type big_key registered
[    0.905790] Allocating IMA MOK and blacklist keyrings.
[    0.907384] Key type asymmetric registered
[    0.908044] Asymmetric key parser 'x509' registered
[    0.908860] Block layer SCSI generic (bsg) driver version 0.4 loaded (major 249)
[    0.909982] io scheduler noop registered
[    0.910636] io scheduler deadline registered (default)
[    0.911408] io scheduler cfq registered
[    0.912099] pci_hotplug: PCI Hot Plug PCI Core version: 0.5
[    0.912916] pciehp: PCI Express Hot Plug Controller Driver version: 0.4
[    0.913942] ACPI: AC Adapter [AC] (on-line)
[    0.914652] input: Power Button as /devices/LNXSYSTM:00/LNXPWRBN:00/input/input0
[    0.915857] ACPI: Power Button [PWRF]
[    0.916516] input: Sleep Button as /devices/LNXSYSTM:00/LNXSLPBN:00/input/input1
[    0.917680] ACPI: Sleep Button [SLPF]
[    0.918433] GHES: HEST is not enabled!
[    0.919145] ACPI: Battery Slot [BAT0] (battery present)
[    0.920129] Serial: 8250/16550 driver, 32 ports, IRQ sharing enabled
[    0.941609] 00:02: ttyS0 at I/O 0x3f8 (irq = 4, base_baud = 115200) is a 16550A
[    0.945204] Linux agpgart interface v0.103
[    0.947568] loop: module loaded
[    0.950401] scsi host0: ata_piix
[    0.952558] scsi host1: ata_piix
[    0.953184] ata1: PATA max UDMA/33 cmd 0x1f0 ctl 0x3f6 bmdma 0xd000 irq 14
[    0.954884] ata2: PATA max UDMA/33 cmd 0x170 ctl 0x376 bmdma 0xd008 irq 15
[    0.957008] libphy: Fixed MDIO Bus: probed
[    0.957910] tun: Universal TUN/TAP device driver, 1.6
[    0.958734] tun: (C) 1999-2004 Max Krasnyansky <maxk@qualcomm.com>
[    0.959821] PPP generic driver version 2.4.2
[    0.961545] ehci_hcd: USB 2.0 'Enhanced' Host Controller (EHCI) Driver
[    0.963750] ehci-pci: EHCI PCI platform driver
[    0.965376] ehci-platform: EHCI generic platform driver
[    0.967068] ohci_hcd: USB 1.1 'Open' Host Controller (OHCI) Driver
[    0.969128] ohci-pci: OHCI PCI platform driver
[    0.970663] ohci-platform: OHCI generic platform driver
[    0.972441] uhci_hcd: USB Universal Host Controller Interface driver
[    0.974492] i8042: PNP: PS/2 Controller [PNP0303:PS2K,PNP0f03:PS2M] at 0x60,0x64 irq 1,12
[    0.977258] serio: i8042 KBD port at 0x60,0x64 irq 1
[    0.979432] serio: i8042 AUX port at 0x60,0x64 irq 12
[    0.981296] mousedev: PS/2 mouse device common for all mice
[    0.983516] input: AT Translated Set 2 keyboard as /devices/platform/i8042/serio0/input/input2
[    0.986844] rtc_cmos rtc_cmos: rtc core: registered rtc_cmos as rtc0
[    0.988460] rtc_cmos rtc_cmos: alarms up to one day, 114 bytes nvram
[    0.989945] i2c /dev entries driver
[    0.991003] device-mapper: uevent: version 1.0.3
[    0.992120] device-mapper: ioctl: 4.34.0-ioctl (2015-10-28) initialised: dm-devel@redhat.com
[    0.993315] ledtrig-cpu: registered to indicate activity on CPUs
[    0.994526] NET: Registered protocol family 10
[    0.995459] NET: Registered protocol family 17
[    0.996166] Key type dns_resolver registered
[    0.997163] registered taskstats version 1
[    0.997842] Loading compiled-in X.509 certificates
[    0.999059] Loaded X.509 cert 'Build time autogenerated kernel key: cf00e047681d67edb2720680708b7d9498083038'
[    1.000553] zswap: loaded using pool lzo/zbud
[    1.002585] Key type trusted registered
[    1.005556] Key type encrypted registered
[    1.006217] AppArmor: AppArmor sha1 policy hashing enabled
[    1.007034] ima: No TPM chip found, activating TPM-bypass!
[    1.007956] ima: Allocated hash algorithm: sha1
[    1.008617] evm: HMAC attrs: 0x1
[    1.009325]   Magic number: 8:632:477
[    1.010012] rtc_cmos rtc_cmos: setting system clock to 2024-05-22 10:27:18 UTC (1716373638)
[    1.011381] BIOS EDD facility v0.16 2004-Jun-25, 0 devices found
[    1.012190] EDD information not available.
[    1.165145] Freeing unused kernel memory: 1492K
[    1.167271] Write protecting the kernel read-only data: 14336k
[    1.169452] Freeing unused kernel memory: 1584K
[    1.170206] Freeing unused kernel memory: 52K
Loading, please wait...
starting version 229
[    1.179958] random: systemd-udevd: uninitialized urandom read (16 bytes read, 3 bits of entropy available)
[    1.180693] random: udevadm: uninitialized urandom read (16 bytes read, 3 bits of entropy available)
[    1.180717] random: udevadm: uninitialized urandom read (16 bytes read, 3 bits of entropy available)
[    1.188565] random: systemd-udevd: uninitialized urandom read (16 bytes read, 3 bits of entropy available)
[    1.192708] random: systemd-udevd: uninitialized urandom read (16 bytes read, 3 bits of entropy available)
[    1.195484] random: udevadm: uninitialized urandom read (16 bytes read, 3 bits of entropy available)
[    1.195583] random: udevadm: uninitialized urandom read (16 bytes read, 3 bits of entropy available)
[    1.195923] random: udevadm: uninitialized urandom read (16 bytes read, 3 bits of entropy available)
[    1.196032] random: udevadm: uninitialized urandom read (16 bytes read, 3 bits of entropy available)
[    1.196140] random: udevadm: uninitialized urandom read (16 bytes read, 3 bits of entropy available)
[    1.251870] e1000: Intel(R) PRO/1000 Network Driver - version 7.3.21-k8-NAPI
[    1.253607] e1000: Copyright (c) 1999-2006 Intel Corporation.
[    1.254905] Fusion MPT base driver 3.04.20
[    1.256096] Copyright (c) 1999-2008 LSI Corporation
[    1.270238] Fusion MPT SPI Host driver 3.04.20
[    1.276401] AVX2 version of gcm_enc/dec engaged.
[    1.277623] AES CTR mode by8 optimization enabled
[    1.489779] input: ImExPS/2 Generic Explorer Mouse as /devices/platform/i8042/serio1/input/input4
[    1.905152] e1000 0000:00:03.0 eth0: (PCI:33MHz:32-bit) 02:be:82:6b:cc:1d
[    1.908315] e1000 0000:00:03.0 eth0: Intel(R) PRO/1000 Network Connection
[    1.913305] mptbase: ioc0: Initiating bringup
[    1.914684] e1000 0000:00:03.0 enp0s3: renamed from eth0
[    3.004391] ioc0: LSI53C1030 A0: Capabilities={Initiator}
[    7.144931] scsi host2: ioc0: LSI53C1030 A0, FwRev=00000000h, Ports=1, MaxQ=256, IRQ=20
[    9.572649] scsi 2:0:0:0: Direct-Access     VBOX     HARDDISK         1.0  PQ: 0 ANSI: 5
[    9.573972] scsi target2:0:0: Beginning Domain Validation
[    9.578767] scsi target2:0:0: Domain Validation skipping write tests
[    9.580380] scsi target2:0:0: Ending Domain Validation
[    9.582359] scsi target2:0:0: asynchronous
[    9.584904] scsi 2:0:1:0: Direct-Access     VBOX     HARDDISK         1.0  PQ: 0 ANSI: 5
[    9.587710] scsi target2:0:1: Beginning Domain Validation
[    9.590511] scsi target2:0:1: Domain Validation skipping write tests
[    9.591561] scsi target2:0:1: Ending Domain Validation
[    9.593119] scsi target2:0:1: asynchronous
[    9.598904] sd 2:0:0:0: Attached scsi generic sg0 type 0
[    9.609933] sd 2:0:0:0: [sda] 83886080 512-byte logical blocks: (42.9 GB/40.0 GiB)
[    9.611597] sd 2:0:0:0: [sda] Write Protect is off
[    9.611598] sd 2:0:1:0: Attached scsi generic sg1 type 0
[    9.612367] sd 2:0:1:0: [sdb] 20480 512-byte logical blocks: (10.5 MB/10.0 MiB)
[    9.613178] sd 2:0:0:0: [sda] Incomplete mode parameter data
[    9.613179] sd 2:0:0:0: [sda] Assuming drive cache: write through
[    9.615271] sd 2:0:1:0: [sdb] Write Protect is off
[    9.617071] sd 2:0:1:0: [sdb] Incomplete mode parameter data
[    9.617926] sd 2:0:1:0: [sdb] Assuming drive cache: write through
[    9.620673]  sda: sda1
[    9.621771] sd 2:0:0:0: [sda] Attached SCSI disk
[    9.623008] sd 2:0:1:0: [sdb] Attached SCSI disk
Begin: Loading essential drivers ... [   11.195556] md: linear personality registered for level -1
[   11.198544] md: multipath personality registered for level -4
[   11.201692] md: raid0 personality registered for level 0
[   11.205192] md: raid1 personality registered for level 1
[   11.275510] raid6: sse2x1   gen() 12726 MB/s
[   11.343641] raid6: sse2x1   xor()  9041 MB/s
[   11.411740] raid6: sse2x2   gen() 15525 MB/s
[   11.479936] raid6: sse2x2   xor()  6079 MB/s
[   11.547089] raid6: sse2x4   gen()  9495 MB/s
[   11.616207] raid6: sse2x4   xor()  6359 MB/s
[   11.683686] raid6: avx2x1   gen() 20679 MB/s
[   11.751791] raid6: avx2x2   gen() 24347 MB/s
[   11.819191] raid6: avx2x4   gen() 24567 MB/s
[   11.820116] raid6: using algorithm avx2x4 gen() 24567 MB/s
[   11.821127] raid6: using avx2x2 recovery algorithm
[   11.823497] xor: automatically using best checksumming function:
[   11.863049]    avx       : 21090.000 MB/sec
[   11.868171] async_tx: api initialized (async)
[   11.890012] md: raid6 personality registered for level 6
[   11.893315] md: raid5 personality registered for level 5
[   11.895225] md: raid4 personality registered for level 4
[   11.906915] md: raid10 personality registered for level 10
done.
Begin: Running /scripts/init-premount ... done.
Begin: Mounting root file system ... Begin: Running /scripts/local-top ... done.
Begin: Running /scripts/local-premount ... [   11.949255] Btrfs loaded
Scanning for Btrfs filesystems
done.
Warning: fsck not present, so skipping root file system
[   11.979947] EXT4-fs (sda1): mounted filesystem with ordered data mode. Opts: (null)
done.
Begin: Running /scripts/local-bottom ... done.
Begin: Running /scripts/init-bottom ... done.
[   12.039175] systemd[1]: systemd 229 running in system mode. (+PAM +AUDIT +SELINUX +IMA +APPARMOR +SMACK +SYSVINIT +UTMP +LIBCRYPTSETUP +GCRYPT +GNUTLS +ACL +XZ -LZ4 +SECCOMP +BLKID +ELFUTILS +KMOD -IDN)
[   12.042043] systemd[1]: Detected virtualization oracle.
[   12.042772] systemd[1]: Detected architecture x86-64.

Welcome to [1mUbuntu 16.04.7 LTS[0m!

[   12.045726] systemd[1]: Set hostname to <servidor-examen>.
[   12.128843] systemd[1]: Listening on udev Control Socket.
[[0;32m  OK  [0m] Listening on udev Control Socket.
[   12.130949] systemd[1]: Created slice System Slice.
[[0;32m  OK  [0m] Created slice System Slice.
[   12.132195] systemd[1]: Listening on Syslog Socket.
[[0;32m  OK  [0m] Listening on Syslog Socket.
[   12.133468] systemd[1]: Listening on Journal Socket (/dev/log).
[[0;32m  OK  [0m] Listening on Journal Socket (/dev/log).
[   12.135059] systemd[1]: Reached target System Time Synchronized.
[[0;32m  OK  [0m] Reached target System Time Synchronized.
[   12.136656] systemd[1]: Created slice User and Session Slice.
[[0;32m  OK  [0m] Created slice User and Session Slice.
[   12.138132] systemd[1]: Listening on Journal Audit Socket.
[[0;32m  OK  [0m] Listening on Journal Audit Socket.
[   12.139593] systemd[1]: Reached target Swap.
[[0;32m  OK  [0m] Reached target Swap.
[   12.140739] systemd[1]: Listening on udev Kernel Socket.
[[0;32m  OK  [0m] Listening on udev Kernel Socket.
[   12.142040] systemd[1]: Listening on fsck to fsckd communication Socket.
[[0;32m  OK  [0m] Listening on fsck to fsckd communication Socket.
[   12.143610] systemd[1]: Reached target Encrypted Volumes.
[[0;32m  OK  [0m] Reached target Encrypted Volumes.
[   12.144963] systemd[1]: Started Trigger resolvconf update for networkd DNS.
[[0;32m  OK  [0m] Started Trigger resolvconf update for networkd DNS.
[   12.146671] systemd[1]: Set up automount Arbitrary Executable File Formats File System Automount Point.
[[0;32m  OK  [0m] Set up automount Arbitrary Executab...ats File System Automount Point.
[   12.148987] systemd[1]: Listening on Device-mapper event daemon FIFOs.
[[0;32m  OK  [0m] Listening on Device-mapper event daemon FIFOs.
[   12.150858] systemd[1]: Created slice system-serial\x2dgetty.slice.
[[0;32m  OK  [0m] Created slice system-serial\x2dgetty.slice.
[   12.152717] systemd[1]: Listening on Journal Socket.
[[0;32m  OK  [0m] Listening on Journal Socket.
[   12.163223] systemd[1]: Starting Set console keymap...
         Starting Set console keymap...
[   12.165407] systemd[1]: Starting Create list of required static device nodes for the current kernel...
         Starting Create list of required st... nodes for the current kernel...
[   12.172874] systemd[1]: Mounting Huge Pages File System...
         Mounting Huge Pages File System...
[   12.184234] systemd[1]: Mounting Debug File System...
         Mounting Debug File System...
[   12.187876] systemd[1]: Starting File System Check on Root Device...
         Starting File System Check on Root Device...
[   12.195794] systemd[1]: Starting Journal Service...
         Starting Journal Service...
[   12.198315] systemd[1]: Starting Nameserver information manager...
         Starting Nameserver information manager...
[   12.200399] systemd[1]: Started Forward Password Requests to Wall Directory Watch.
[[0;32m  OK  [0m] Started Forward Password Requests to Wall Directory Watch.
[   12.208015] systemd[1]: Reached target Slices.
[[0;32m  OK  [0m] Reached target Slices.
[   12.209983] systemd[1]: Mounting POSIX Message Queue File System...
         Mounting POSIX Message Queue File System...
[   12.212561] systemd[1]: Listening on LVM2 poll daemon socket.
[[0;32m  OK  [0m] Listening on LVM2 poll daemon socket.
[   12.214507] systemd[1]: Listening on /dev/initctl Compatibility Named Pipe.
[[0;32m  OK  [0m] Listening on /dev/initctl Compatibility Named Pipe.
[   12.221666] systemd[1]: Starting Load Kernel Modules...
         Starting Load Kernel Modules...
[   12.226882] systemd[1]: Starting Uncomplicated firewall...
         Starting Uncomplicated firewall...
[   12.234152] systemd[1]: Reached target User and Group Name Lookups.
[[0;32m  OK  [0m] Reached target User and Group Name Lookups.
[   12.238925] systemd[1]: Listening on LVM2 metadata daemon socket.
[[0;32m  OK  [0m] Listening on LVM2 metadata daemon socket.
[   12.242942] systemd[1]: Starting Monitoring of LVM2 mirrors, snapshots etc. using dmeventd or progress polling...
         Starting Monitoring of LVM2 mirrors... dmeventd or progress polling...
[   12.247311] Loading iSCSI transport class v2.0-870.
[   12.255272] systemd[1]: Mounted Huge Pages File System.
[[0;32m  OK  [0m] Mounted Huge Pages File System.
[   12.256676] systemd[1]: Mounted POSIX Message Queue File System.
[[0;32m  OK  [0m] Mounted POSIX Message Queue File System.
[   12.258247] systemd[1]: Mounted Debug File System.
[   12.259241] iscsi: registered transport (tcp)
[[0;32m  OK  [0m] Mounted Debug File System.
[   12.260924] systemd[1]: Started Journal Service.
[[0;32m  OK  [0m] Started Journal Service.
[[0;32m  OK  [0m] Started Set console keymap.
[[0;32m  OK  [0m] Started Create list of required sta...ce nodes for the current kernel.
[[0;32m  OK  [0m] Started File System Check on Root Device.
[[0;32m  OK  [0m] Started Uncomplicated firewall.
[[0;32m  OK  [0m] Started LVM2 metadata daemon.
[[0;32m  OK  [0m] Started File System Check Daemon to report status.
         Starting Remount Root and Kernel File Systems...
         Starting Create Static Device Nodes in /dev...
[[0;32m  OK  [0m] Started Nameserver information manager.
[   12.286925] EXT4-fs (sda1): re-mounted. Opts: (null)
[[0;32m  OK  [0m] Started Remount Root and Kernel File Systems.
         Starting Flush Journal to Persistent Storage...
         Starting Load/Save Random Seed...
         Starting udev Coldplug all Devices...
[[0;32m  OK  [0m] Started Load/Save Random Seed.
[   12.303627] systemd-journald[400]: Received request to flush runtime journal from PID 1
[[0;32m  OK  [0m] Started Flush Journal to Persistent Storage.
[[0;32m  OK  [0m] Started Create Static Device Nodes in /dev.
         Starting udev Kernel Device Manager...
[   12.319847] iscsi: registered transport (iser)
[[0;32m  OK  [0m] Started Load Kernel Modules.
         Starting Apply Kernel Variables...
         Mounting FUSE Control File System...
[[0;32m  OK  [0m] Mounted FUSE Control File System.
[[0;32m  OK  [0m] Started Apply Kernel Variables.
[[0;32m  OK  [0m] Started Monitoring of LVM2 mirrors,...ng dmeventd or progress polling.
[[0;32m  OK  [0m] Started udev Kernel Device Manager.
[[0;32m  OK  [0m] Reached target Local File Systems (Pre).
[[0;32m  OK  [0m] Reached target Local File Systems.
         Starting LSB: AppArmor initialization...
         Starting Create Volatile Files and Directories...
         Starting Tell Plymouth To Write Out Runtime Data...
         Starting Initial cloud-init job (pre-networking)...
         Starting Set console font and keymap...
[[0;32m  OK  [0m] Started Create Volatile Files and Directories.
         Starting Update UTMP about System Boot/Shutdown...
[[0;32m  OK  [0m] Started Tell Plymouth To Write Out Runtime Data.
[[0;32m  OK  [0m] Started Update UTMP about System Boot/Shutdown.
[[0;32m  OK  [0m] Started udev Coldplug all Devices.
[[0;32m  OK  [0m] Started Dispatch Password Requests to Console Directory Watch.
[[0;32m  OK  [0m] Started LSB: AppArmor initialization.
         Starting Load AppArmor profiles managed internally by snapd...
[[0;32m  OK  [0m] Started Load AppArmor profiles managed internally by snapd.
[[0;32m  OK  [0m] Found device /dev/ttyS0.
[[0;32m  OK  [0m] Listening on Load/Save RF Kill Switch Status /dev/rfkill Watch.
[[0;32m  OK  [0m] Found device 82540EM Gigabit Ethern...r (PRO/1000 MT Desktop Adapter).
[   13.251644] cloud-init[493]: Cloud-init v. 21.1-19-gbad84ad4-0ubuntu1~16.04.2 running 'init-local' at Wed, 22 May 2024 10:27:30 +0000. Up 12.94 seconds.
[[0;32m  OK  [0m] Started Initial cloud-init job (pre-networking).
[[0;32m  OK  [0m] Started Set console font and keymap.
[[0;32m  OK  [0m] Created slice system-getty.slice.
[[0;32m  OK  [0m] Reached target Network (Pre).
[[0;32m  OK  [0m] Started ifup for enp0s3.
         Starting Raise network interfaces...
[[0;32m  OK  [0m] Started Raise network interfaces.
[[0;32m  OK  [0m] Reached target Network.
         Starting Initial cloud-init job (metadata service crawler)...
[   14.025122] cloud-init[985]: Cloud-init v. 21.1-19-gbad84ad4-0ubuntu1~16.04.2 running 'init' at Wed, 22 May 2024 10:27:31 +0000. Up 13.77 seconds.
[   14.027422] cloud-init[985]: ci-info: ++++++++++++++++++++++++++++++++++++++Net device info++++++++++++++++++++++++++++++++++++++
[   14.037044] cloud-init[985]: ci-info: +--------+------+----------------------------+---------------+--------+-------------------+
[   14.039179] cloud-init[985]: ci-info: | Device |  Up  |          Address           |      Mask     | Scope  |     Hw-Address    |
[   14.048636] cloud-init[985]: ci-info: +--------+------+----------------------------+---------------+--------+-------------------+
[   14.057299] cloud-init[985]: ci-info: | enp0s3 | True |         10.0.2.15          | 255.255.255.0 | global | 02:be:82:6b:cc:1d |
[   14.065057] cloud-init[985]: ci-info: | enp0s3 | True | fe80::be:82ff:fe6b:cc1d/64 |       .       |  link  | 02:be:82:6b:cc:1d |
[   14.066378] cloud-init[985]: ci-info: |   lo   | True |         127.0.0.1          |   255.0.0.0   |  host  |         .         |
[   14.072753] cloud-init[985]: ci-info: |   lo   | True |          ::1/128           |       .       |  host  |         .         |
[[   14.081272] [0;32m  OK  [0mcloud-init] [985]: Started Initial cloud-init job (metadata service crawler).ci-info: +--------+------+----------------------------+---------------+--------+-------------------+

[   14.081418] cloud-init[985]: ci-info: +++++++++++++++++++++++++++Route IPv4 info++++++++++++++++++++++++++++
[   14.083657] cloud-init[985]: ci-info: +-------+-------------+----------+---------------+-----------+-------+
[   14.083796] cloud-init[[985]: [0;32m  OK  [0mci-info: | Route | Destination | Gateway  |    Genmask    | Interface | Flags |] 
Reached target System Initialization.
[   14.083830] cloud-init[985]: ci-info: +-------+-------------+----------+---------------+-----------+-------+
         Starting LXD - unix socket.
         Starting Socket activation for snappy daemon.
[   14.098634] cloud-init[985]: ci-info: |   0   |   0.0.0.0   | 10.0.2.2 |    0.0.0.0    |   enp0s3  |   UG  |
[   14.106579] [cloud-init[0;32m  OK  [0m[985]: ] ci-info: |   1   |   10.0.2.0  | 0.0.0.0  | 255.255.255.0 |   enp0s3  |   U   |Started Message of the Day.

[   14.113061] [cloud-init[0;32m  OK  [0m[985]: ] ci-info: +-------+-------------+----------+---------------+-----------+-------+Started Ubuntu Advantage update messaging.

[   14.114465] [cloud-init[0;32m  OK  [0m[985]: ] ci-info: +++++++++++++++++++Route IPv6 info+++++++++++++++++++Listening on UUID daemon activation socket.

[[0;32m  OK  [0m] Listening on ACPID Listen Socket.
[[   14.114964] [0;32m  OK  [0mcloud-init] [985]: Listening on D-Bus System Message Bus Socket.ci-info: +-------+-------------+---------+-----------+-------+

[   14.122938] [cloud-init[0;32m  OK  [0m[985]: ] ci-info: | Route | Destination | Gateway | Interface | Flags |Started Daily apt download activities.

[   14.123879] [cloud-init[0;32m  OK  [0m[985]: ] ci-info: +-------+-------------+---------+-----------+-------+Started Daily apt upgrade and clean activities.

[   14.126056] cloud-init[985]: ci-info: |   0   |  fe80::/64  |    ::   |   enp0s3  |   U   |
[[0;32m  OK  [0m] Started ACPI Events Check.
[   14.128074] [[0;32m  OK  [0m] Reached target Paths.
[[0;32m  OK  [0m] Started Daily Cleanup of Temporary Directories.
[[0;32m  OK  [0m] Reached target Timers.
[[0;32m  OK  [0m] Reached target Network is Online.
cloud-init[985]: ci-info: |   3   |   ff00::/8  |    ::   |   enp0s3  |   U   |
[   14.133047] cloud-init[985]: ci-info: +-------+-------------+---------+-----------+-------+
         Starting iSCSI initiator daemon (iscsid)...
[[0;32m  OK  [0m] Reached target Cloud-config availability.
[[0;32m  OK  [0m] Listening on LXD - unix socket.
[[0;32m  OK  [0m] Listening on Socket activation for snappy daemon.
[[0;32m  OK  [0m] Reached target Sockets.
[[0;32m  OK  [0m] Reached target Basic System.
[[0;32m  OK  [0m] Started D-Bus System Message Bus.
[[0;32m  OK  [0m] Started Regular background program processing daemon.
         Starting LSB: MD monitoring daemon...
[[0;32m  OK  [0m] Started FUSE filesystem for LXC.
[[0;32m  OK  [0m] Started Deferred execution scheduler.
         Starting System Logging Service...
[[0;32m  OK  [0m] Started ACPI event daemon.
         Starting LXD - container startup/shutdown...
         Starting LSB: Record successful boot for GRUB...
         Starting Virtualbox guest utils...
         Starting /etc/rc.local Compatibility...
         Starting Pollinate to seed the pseudo random number generator...
         Starting Snap Daemon...
         Starting Accounts Service...
         Starting Login Service...
[[0;32m  OK  [0m] Started iSCSI initiator daemon (iscsid).
[[0;32m  OK  [0m] Started /etc/rc.local Compatibility.
         Starting Login to default iSCSI targets...
[[0;32m  OK  [0m] Started Login to default iSCSI targets.
[[0;32m  OK  [0m] Reached target Remote File Systems (Pre).
         Mounting /vagrant...
[[0;32m  OK  [0m] Started System Logging Service.
[[0;1;31mFAILED[0m] Failed to mount /vagrant.
See 'systemctl status vagrant.mount' for details.
[[0;1;33mDEPEND[0m] Dependency failed for Remote File Systems.
[[0;32m  OK  [0m] Started Login Service.
[[0;32m  OK  [0m] Started Unattended Upgrades Shutdown.
         Starting LSB: daemon to balance interrupts for SMP systems...
         Starting LSB: Set the CPU Frequency Scaling governor to "ondemand"...
         Starting LSB: automatic crash report generation...
         Starting Permit User Sessions...
[[0;32m  OK  [0m] Started LSB: MD monitoring daemon.
[[0;32m  OK  [0m] Started Permit User Sessions.
         Starting Terminate Plymouth Boot Screen...
         Starting Hold until boot process finishes up...
[[0;32m  OK  [0m] Started Terminate Plymouth Boot Screen.
[[0;32m  OK  [0m] Started LSB: Record successful boot for GRUB.
[[0;32m  OK  [0m] Started Hold until boot process finishes up.
[[0;32m  OK  [0m] Started Getty on tty1.
         Starting Set console scheme...
[[0;32m  OK  [0m] Started Serial Getty on ttyS0.
[[0;32m  OK  [0m] Reached target Login Prompts.
[[0;32m  OK  [0m] Started Set console scheme.
[[0;32m  OK  [0m] Started LSB: automatic crash report generation.
         Starting Authenticate and Authorize Users to Run Privileged Tasks...
[[0;32m  OK  [0m] Started LXD - container startup/shutdown.
[[0;32m  OK  [0m] Started LSB: daemon to balance interrupts for SMP systems.
[[0;32m  OK  [0m] Started LSB: Set the CPU Frequency Scaling governor to "ondemand".
[[0;32m  OK  [0m] Started Authenticate and Authorize Users to Run Privileged Tasks.
[[0;32m  OK  [0m] Started Virtualbox guest utils.
[[0;32m  OK  [0m] Started Accounts Service.
[[0;32m  OK  [0m] Started Snap Daemon.
         Starting Wait until snapd is fully seeded...
[[0;32m  OK  [0m] Started Wait until snapd is fully seeded.
         Starting Apply the settings specified in cloud-config...
[   15.100796] cloud-init[1265]: Cloud-init v. 21.1-19-gbad84ad4-0ubuntu1~16.04.2 running 'modules:config' at Wed, 22 May 2024 10:27:32 +0000. Up 15.02 seconds.
[[0;32m  OK  [0m] Started Apply the settings specified in cloud-config.

Ubuntu 16.04.7 LTS servidor-examen ttyS0

servidor-examen login: [   25.841644] cloud-init[1291]: Cloud-init v. 21.1-19-gbad84ad4-0ubuntu1~16.04.2 running 'modules:final' at Wed, 22 May 2024 10:27:43 +0000. Up 25.75 seconds.
[   25.841909] cloud-init[1291]: Cloud-init v. 21.1-19-gbad84ad4-0ubuntu1~16.04.2 finished at Wed, 22 May 2024 10:27:43 +0000. Datasource DataSourceNoCloud [seed=/dev/sdb][dsmode=net].  Up 25.83 seconds
         Stopping User Manager for UID 1000...
[[0;32m  OK  [0m] Stopped target Cloud-init target.
[[0;32m  OK  [0m] Stopped Execute cloud user/final scripts.
[[0;32m  OK  [0m] Stopped target Timers.
[[0;32m  OK  [0m] Stopped Ubuntu Advantage update messaging.
         Unmounting /vagrant...
[[0;32m  OK  [0m] Stopped Daily Cleanup of Temporary Directories.
[[0;32m  OK  [0m] Stopped Message of the Day.
         Stopping Session 5 of user vagrant.
[[0;32m  OK  [0m] Stopped Apply the settings specified in cloud-config.
[[0;32m  OK  [0m] Stopped target Cloud-config availability.
         Stopping Session 2 of user vagrant.
         Stopping Authenticate and Authorize Users to Run Privileged Tasks...
         Stopping Session 8 of user vagrant.
         Stopping ACPI event daemon...
[[0;32m  OK  [0m] Closed Load/Save RF Kill Switch Status /dev/rfkill Watch.
[[0;32m  OK  [0m] Stopped target Graphical Interface.
         Stopping Accounts Service...
[[0;32m  OK  [0m] Stopped target Multi-User System.
         Stopping LSB: Record successful boot for GRUB...
         Stopping Virtualbox guest utils...
         Stopping D-Bus System Message Bus...
         Stopping LSB: Set the CPU Frequency Scaling governor to "ondemand"...
[[0;32m  OK  [0m] Stopped target Login Prompts.
         Stopping Getty on tty1...
         Stopping Serial Getty on ttyS0...
         Stopping Deferred execution scheduler...
         Stopping OpenBSD Secure Shell server...
         Stopping Regular background program processing daemon...
         Stopping LSB: daemon to balance interrupts for SMP systems...
         Stopping LXD - container startup/shutdown...
         Stopping FUSE filesystem for LXC...
[[0;32m  OK  [0m] Stopped Wait until snapd is fully seeded.
         Stopping LSB: automatic crash report generation...
         Stopping LSB: MD monitoring daemon...
         Stopping System Logging Service...
[[0;32m  OK  [0m] Stopped Daily apt upgrade and clean activities.
[[0;32m  OK  [0m] Stopped Daily apt download activities.
[[0;32m  OK  [0m] Stopped target System Time Synchronized.
[[0;32m  OK  [0m] Unmounted /var/lib/lxcfs.
[[0;32m  OK  [0m] Stopped Regular background program processing daemon.
[[0;32m  OK  [0m] Stopped Deferred execution scheduler.
[[0;32m  OK  [0m] Stopped System Logging Service.
[[0;32m  OK  [0m] Stopped Accounts Service.
[[0;32m  OK  [0m] Stopped Getty on tty1.
[[0;32m  OK  [0m] Stopped Serial Getty on ttyS0.
[[0;32m  OK  [0m] Stopped Authenticate and Authorize Users to Run Privileged Tasks.
[[0;32m  OK  [0m] Stopped OpenBSD Secure Shell server.
[[0;32m  OK  [0m] Stopped User Manager for UID 1000.
[[0;32m  OK  [0m] Unmounted /vagrant.
[[0;32m  OK  [0m] Stopped D-Bus System Message Bus.
[[0;32m  OK  [0m] Stopped Session 2 of user vagrant.
[[0;32m  OK  [0m] Stopped Session 5 of user vagrant.
[[0;32m  OK  [0m] Stopped ACPI event daemon.
[[0;32m  OK  [0m] Stopped FUSE filesystem for LXC.
[[0;32m  OK  [0m] Stopped LSB: Record successful boot for GRUB.
[[0;32m  OK  [0m] Stopped LSB: Set the CPU Frequency Scaling governor to "ondemand".
[[0;32m  OK  [0m] Stopped LSB: daemon to balance interrupts for SMP systems.
[[0;32m  OK  [0m] Stopped LXD - container startup/shutdown.
[[0;32m  OK  [0m] Stopped target Remote File Systems (Pre).
         Stopping Login to default iSCSI targets...
[[0;32m  OK  [0m] Removed slice system-serial\x2dgetty.slice.
[[0;32m  OK  [0m] Removed slice system-getty.slice.
[[0;32m  OK  [0m] Stopped /etc/rc.local Compatibility.
[[0;32m  OK  [0m] Stopped Virtualbox guest utils.
[[0;32m  OK  [0m] Stopped LSB: automatic crash report generation.
[[0;32m  OK  [0m] Stopped LSB: MD monitoring daemon.
[[0;32m  OK  [0m] Stopped Session 8 of user vagrant.
[[0;32m  OK  [0m] Removed slice User Slice of vagrant.
         Stopping Permit User Sessions...
         Stopping Login Service...
[[0;32m  OK  [0m] Stopped Permit User Sessions.
[[0;32m  OK  [0m] Stopped Login to default iSCSI targets.
         Stopping iSCSI initiator daemon (iscsid)...
[[0;32m  OK  [0m] Stopped iSCSI initiator daemon (iscsid).
[[0;32m  OK  [0m] Stopped target Network is Online.
[[0;32m  OK  [0m] Stopped target Network.
[[0;32m  OK  [0m] Stopped Login Service.
[[0;32m  OK  [0m] Stopped target User and Group Name Lookups.
[[0;32m  OK  [0m] Stopped target Basic System.
[[0;32m  OK  [0m] Stopped target Slices.
[[0;32m  OK  [0m] Removed slice User and Session Slice.
[[0;32m  OK  [0m] Stopped target Paths.
[[0;32m  OK  [0m] Stopped Forward Password Requests to Wall Directory Watch.
[[0;32m  OK  [0m] Stopped Dispatch Password Requests to Console Directory Watch.
[[0;32m  OK  [0m] Stopped ACPI Events Check.
[[0;32m  OK  [0m] Stopped target Sockets.
[[0;32m  OK  [0m] Closed Socket activation for snappy daemon.
[[0;32m  OK  [0m] Closed LXD - unix socket.
[[0;32m  OK  [0m] Closed ACPID Listen Socket.
[[0;32m  OK  [0m] Closed D-Bus System Message Bus Socket.
[[0;32m  OK  [0m] Closed Syslog Socket.
[[0;32m  OK  [0m] Closed UUID daemon activation socket.
[[0;32m  OK  [0m] Stopped target System Initialization.
[[0;32m  OK  [0m] Stopped target Swap.
[[0;32m  OK  [0m] Stopped target Encrypted Volumes.
[[0;32m  OK  [0m] Stopped Initial cloud-init job (metadata service crawler).
         Stopping Raise network interfaces...
[[0;32m  OK  [0m] Stopped Create Volatile Files and Directories.
         Stopping Load/Save Random Seed...
[[0;32m  OK  [0m] Stopped Load/Save Random Seed.
[[0;32m  OK  [0m] Stopped Raise network interfaces.
[[0;32m  OK  [0m] Stopped target Local File Systems.
         Unmounting /run/user/1000...
[[0;32m  OK  [0m] Stopped target Network (Pre).
[[0;32m  OK  [0m] Stopped Initial cloud-init job (pre-networking).
[[0;32m  OK  [0m] Stopped Apply Kernel Variables.
[[0;32m  OK  [0m] Stopped Load Kernel Modules.
[[0;32m  OK  [0m] Unmounted /run/user/1000.
[[0;32m  OK  [0m] Reached target Unmount All Filesystems.
[[0;32m  OK  [0m] Stopped target Local File Systems (Pre).
[[0;32m  OK  [0m] Stopped Remount Root and Kernel File Systems.
[[0;32m  OK  [0m] Stopped Create Static Device Nodes in /dev.
[[0;32m  OK  [0m] Reached target Shutdown.
[ 2086.077003] reboot: Power down
